<?xml version="1.0" encoding="UTF-8"?>
<!-- Generated by org.testng.reporters.JUnitReportReporter -->
<testsuite hostname="DESKTOP-M3KOU0A" failures="0" tests="1" name="testcases.TC001_SignupTest" time="11.206" errors="0" timestamp="15 Nov 2023 03:33:22 GMT" skipped="0">
  <testcase classname="testcases.TC001_SignupTest" name="signupTest" time="11.206"/>
</testsuite> <!-- testcases.TC001_SignupTest -->
