<?xml version="1.0" encoding="UTF-8"?>
<!-- Generated by org.testng.reporters.JUnitReportReporter -->
<testsuite hostname="DESKTOP-M3KOU0A" failures="0" tests="1" name="testcases.TC002_LoginTest" time="11.390" errors="0" timestamp="15 Nov 2023 03:33:22 GMT" skipped="0">
  <testcase classname="testcases.TC002_LoginTest" name="loginTest" time="11.390"/>
</testsuite> <!-- testcases.TC002_LoginTest -->
